<?xml version="1.0" encoding="UTF-8"?>
<!-- Generated by org.testng.reporters.JUnitReportReporter -->
<testsuite hostname="priyav-3.local" name="com.test.google.Basic_Search" tests="1" failures="0" timestamp="16 Jan 2016 01:47:26 GMT" time="2.852" errors="0">
  <testcase name="search" time="2.852" classname="com.test.google.Basic_Search"/>
</testsuite> <!-- com.test.google.Basic_Search -->
