<?xml version="1.0" encoding="UTF-8"?>
<!-- Generated by org.testng.reporters.JUnitReportReporter -->
<testsuite hostname="priyav-3.local" name="com.vishnu.test.ReadJsonObject" tests="1" failures="0" timestamp="12 Feb 2016 00:41:32 GMT" time="0.521" errors="0">
  <testcase name="aptTesting" time="0.521" classname="com.vishnu.test.ReadJsonObject"/>
</testsuite> <!-- com.vishnu.test.ReadJsonObject -->
