<?xml version="1.0" encoding="UTF-8"?>
<!-- Generated by org.testng.reporters.JUnitReportReporter -->
<testsuite hostname="priyav-3.local" name="com.test.fb.LoginPage" tests="1" failures="0" timestamp="16 Jan 2016 19:49:03 GMT" time="22.618" errors="0">
  <testcase name="main" time="22.618" classname="com.test.fb.LoginPage"/>
</testsuite> <!-- com.test.fb.LoginPage -->
